1611710243389	geckodriver	INFO	Listening on 127.0.0.1:49870
1611710246426	mozrunner::runner	INFO	Running command: "C:\\Program Files\\Mozilla Firefox\\firefox.exe" "--marionette" "-foreground" "-no-remote" "-profile" "C:\\Users\\cgrei\\AppData\\Local\\Temp\\rust_mozprofile32bY1w"
console.warn: SearchSettings: "get: No settings file exists, new profile?" (new Error("", "(unknown module)"))
1611710248174	Marionette	INFO	Listening on port 49879
1611710248497	Marionette	WARN	TLS certificate errors will be ignored for this session
1611710253496	Marionette	INFO	Stopped listening on port 49879

###!!! [Child][RunMessage] Error: Channel closing: too late to send/recv, messages will be lost

1611710335471	geckodriver	INFO	Listening on 127.0.0.1:50055
1611710338512	mozrunner::runner	INFO	Running command: "C:\\Program Files\\Mozilla Firefox\\firefox.exe" "--marionette" "-foreground" "-no-remote" "-profile" "C:\\Users\\cgrei\\AppData\\Local\\Temp\\rust_mozprofileW6QkN4"
console.warn: SearchSettings: "get: No settings file exists, new profile?" (new Error("", "(unknown module)"))
1611710339690	Marionette	INFO	Listening on port 50064
1611710340067	Marionette	WARN	TLS certificate errors will be ignored for this session
IPDL protocol error: Handler returned error code!

###!!! [Parent][DispatchAsyncMessage] Error: PImageBridge::Msg_Update Processing error: message was deserialized, but the handler returned false (indicating failure)

1611710350449	Marionette	INFO	Stopped listening on port 50064

###!!! [Child][RunMessage] Error: Channel closing: too late to send/recv, messages will be lost

1611710433451	geckodriver	INFO	Listening on 127.0.0.1:50286
1611710436480	mozrunner::runner	INFO	Running command: "C:\\Program Files\\Mozilla Firefox\\firefox.exe" "--marionette" "-foreground" "-no-remote" "-profile" "C:\\Users\\cgrei\\AppData\\Local\\Temp\\rust_mozprofilePRVJWX"
console.warn: SearchSettings: "get: No settings file exists, new profile?" (new Error("", "(unknown module)"))
1611710437679	Marionette	INFO	Listening on port 50295
1611710438033	Marionette	WARN	TLS certificate errors will be ignored for this session
1611734628685	Marionette	INFO	Stopped listening on port 50295
1710632256	mozrunner::runner	INFO	Running command: "C:\\Program Files\\Mozilla Firefox\\firefox.exe" "--marionette" "-foreground" "-no-remote" "-profile" "C:\\Users\\cgrei\\AppData\\Local\\Temp\\rust_mozprofile1H7819"
console.warn: SearchSettings: "get: No settings file exists, new profile?" (new Error("", "(unknown module)"))
1611710633408	Marionette	INFO	Listening on port 50605
1611710633809	Marionette	WARN	TLS certificate errors will be ignored for this session
1611734628711	Marionette	INFO	Stopped listening on port 50605

###!!! [Child][RunMessage] Error: Channel closing: too late to send/recv, messages will be lost

"--marionette" "-foreground" "-no-remote" "-profile" "C:\\Users\\cgrei\\AppData\\Local\\Temp\\rust_mozprofilemDflmq"
console.warn: SearchSettings: "get: No settings file exists, new profile?" (new Error("", "(unknown module)"))
1611710654499	Marionette	INFO	Listening on port 50742
1611710654678	Marionette	WARN	TLS certificate errors will be ignored for this session
IPDL protocol error: Handler returned error code!

###!!! [Parent][DispatchAsyncMessage] Error: PImageBridge::Msg_Update Processing error: message was deserialized, but the handler returned false (indicating failure)

1611710751099	Marionette	INFO	Stopped listening on port 50742

###!!! [Child][RunMessage] Error: Channel closing: too late to send/recv, messages will be lost

e)"))
1611710714799	Marionette	INFO	Listening on port 50919
1611710715034	Marionette	WARN	TLS certificate errors will be ignored for this session
1611710727919	Marionette	INFO	Stopped listening on port 50919

###!!! [Child][RunMessage] Error: Channel closing: too late to send/recv, messages will be lost

1611710934706	geckodriver	INFO	Listening on 127.0.0.1:63635
1611710937735	mozrunner::runner	INFO	Running command: "C:\\Program Files\\Mozilla Firefox\\firefox.exe" "--marionette" "-foreground" "-no-remote" "-profile" "C:\\Users\\cgrei\\AppData\\Local\\Temp\\rust_mozprofileQdf6xw"
console.warn: SearchSettings: "get: No settings file exists, new profile?" (new Error("", "(unknown module)"))
1611710938885	Marionette	INFO	Listening on port 63646
1611710939289	Marionette	WARN	TLS certificate errors will be ignored for this session
1611710942956	Marionette	INFO	Stopped listening on port 63646

###!!! [Child][RunMessage] Error: Channel closing: too late to send/recv, messages will be lost

1611711078159	geckodriver	INFO	Listening on 127.0.0.1:63845
1611711081202	mozrunner::runner	INFO	Running command: "C:\\Program Files\\Mozilla Firefox\\firefox.exe" "--marionette" "-foreground" "-no-remote" "-profile" "C:\\Users\\cgrei\\AppData\\Local\\Temp\\rust_mozprofile2LDWY4"
console.warn: SearchSettings: "get: No settings file exists, new profile?" (new Error("", "(unknown module)"))
1611711082484	Marionette	INFO	Listening on port 63855
1611711082758	Marionette	WARN	TLS certificate errors will be ignored for this session
1611711104712	Marionette	INFO	Stopped listening on port 63851611711107048	mozrunner::runner	INFO	Running command: "C:\\Program Files\\Mozilla Firefox\\firefox.exe" "--marionette" "-foreground" "-no-remote" "-profile" "C:\\Users\\cgrei\\AppData\\Local\\Temp\\rust_mozprofile3tQ4yV"
console.warn: SearchSettings: "get: No settings file exists, new profile?" (new Error("", "(unknown module)"))
1611711108273	Marionette	INFO	Listening on port 63941
1611711108601	Marionette	WARN	TLS certificate errors will be ignored for this session
1611711161124	Marionette	INFO	Stopped listening on port 63941

###!!! [Child][RunMessage] Error: Channel closing: too late to send/recv, messages will be lost

"--marionette" "-foreground" "-no-remote" "-profile" "C:\\Users\\cgrei\\AppData\\Local\\Temp\\rust_mozprofilerP7lvl"
console.warn: SearchSettings: "get: No settings file exists, new profile?" (new Error("", "(unknown module)"))
1611711129942	Marionette	INFO	Listening on port 64019
1611711130184	Marionette	WARN	TLS certificate errors will be ignored for this session
1611711159135	Marionette	INFO	Stopped listening on port 64019
1711153433	mozrunner::runner	INFO	Running command: "C:\\Program Files\\Mozilla Firefox\\firefox.exe" "--marionette" "-foreground" "-no-remote" "-profile" "C:\\Users\\cgrei\\AppData\\Local\\Temp\\rust_mozprofileUCm5u9"
console.warn: SearchSettings: "get: No settings file exists, new profile?" (new Error("", "(unknown module)"))
1611711154709	Marionette	INFO	Listening on port 64104
1611711154995	Marionette	WARN	TLS certificate errors will be ignored for this session
1611711163172	Marionette	INFO	Stopped listening on port 64104

###!!! [Child][RunMessage] Error: Channel closing: too late to send/recv, messages will be lost

1611711174543	geckodriver	INFO	Listening on 127.0.0.1:64178
1611711177570	mozrunner::runner	INFO	Running command: "C:\\Program Files\\Mozilla Firefox\\firefox.exe" "--marionette" "-foreground" "-no-remote" "-profile" "C:\\Users\\cgrei\\AppData\\Local\\Temp\\rust_mozprofilengGIKw"
console.warn: SearchSettings: "get: No settings file exists, new profile?" (new Error("", "(unknown module)"))
1611711178716	Marionette	INFO	Listening on port 64188
1611711179125	Marionette	WARN	TLS certificate errors will be ignored for this session
1611711199999	Marionette	INFO	Stopped listening on port 64188

###!!! [Child][RunMessage] Error: Channel closing: too late to send/recv, messages will be lost

1611711210462	geckodriver	INFO	Listening on 127.0.0.1:64273
1611711213500	mozrunner::runner	INFO	Running command: "C:\\Program Files\\Mozilla Firefox\\firefox.exe" "--marionette" "-foreground" "-no-remote" "-profile" "C:\\Users\\cgrei\\AppData\\Local\\Temp\\rust_mozprofileuXUMXd"
console.warn: SearchSettings: "get: No settings file exists, new profile?" (new Error("", "(unknown module)"))
1611711214895	Marionette	INFO	Listening on port 64283
1611711215056	Marionette	WARN	TLS certificate errors will be ignored for this session
1611711255618	Marionette	INFO	Stopped listening on port 64283

###!!! [Child][RunMessage] Error: Channel closing: too late to send/recv, messages will be lost

1611711440238	geckodriver	INFO	Listening on 127.0.0.1:64596
1611715815769	geckodriver	INFO	Listening on 127.0.0.1:59177
1611716101079	geckodriver	INFO	Listening on 127.0.0.1:59393
1611716104121	mozrunner::runner	INFO	Running command: "C:\\Program Files\\Mozilla Firefox\\firefox.exe" "--marionette" "-foreground" "-no-remote" "-profile" "C:\\Users\\cgrei\\AppData\\Local\\Temp\\rust_mozprofilegXSzN6"
console.warn: SearchSettings: "get: No settings file exists, new profile?" (new Error("", "(unknown module)"))
1611716105336	Marionette	INFO	Listening on port 59405
1611716105676	Marionette	WARN	TLS certificate errors will be ignored for this session
Can't find symbol 'eglSwapBuffersWithDamageEXT'.
Can't find symbol 'eglSetDamageRegionKHR'.
1611717442027	Marionette	INFO	Stopped listening on port 59405
1611718532089	geckodriver	INFO	Listening on 127.0.0.1:51633
1611718535121	mozrunner::runner	INFO	Running command: "C:\\Program Files\\Mozilla Firefox\\firefox.exe" "--marionette" "-foreground" "-no-remote" "-profile" "C:\\Users\\cgrei\\AppData\\Local\\Temp\\rust_mozprofileEJgezQ"
console.warn: SearchSettings: "get: No settings file exists, new profile?" (new Error("", "(unknown module)"))
1611718536431	Marionette	INFO	Listening on port 51643
1611718536676	Marionette	WARN	TLS certificate errors will be ignored for this session
Can't find symbol 'eglSwapBuffersWithDamageEXT'.
Can't find symbol 'eglSetDamageRegionKHR'.
1611718617666	Marionette	INFO	Stopped listening on port 51643

###!!! [Child][RunMessage] Error: Channel closing: too late to send/recv, messages will be lost

"--marionette" "-foreground" "-no-remote" "-profile" "C:\\Users\\cgrei\\AppData\\Local\\Temp\\rust_mozprofilekcIzXF"
console.warn: SearchSettings: "get: No settings file exists, new profile?" (new Error("", "(unknown module)"))
1611718589914	Marionette	INFO	Listening on port 52296
1611718590205	Marionette	WARN	TLS certificate errors will be ignored for this session
Can't find symbol 'eglSwapBuffersWithDamageEXT'.
Can't find symbol 'eglSetDamageRegionKHR'.
IPDL protocol error: Handler returned error code!

###!!! [Parent][DispatchAsyncMessage] Error: PImageBridge::Msg_Update Processing error: message was deserialized, but the handler returned false (indicating failure)

IPDL protocol error: Handler returned error code!

###!!! [Parent][DispatchAsyncMessage] Error: PLayerTransaction::Msg_ReleaseLayer Processing error: message was deserialized, but the handler returned false (indicating failure)

IPDL protocol error: Handler returned error code!

###!!! [Parent][DispatchAsyncMessage] Error: PLayerTransaction::Msg_ReleaseLayer Processing error: message was deserialized, but the handler returned false (indicating failure)

IPDL protocol error: Handler returned error code!

###!!! [Parent][DispatchAsyncMessage] Error: PLayerTransaction::Msg_ReleaseLayer Processing error: message was deserialized, but the handler returned false (indicating failure)

IPDL protocol error: Handler returned error code!

###!!! [Parent][DispatchAsyncMessage] Error: PLayerTransaction::Msg_ReleaseLayer Processing error: message was deserialized, but the handler returned false (indicating failure)

IPDL protocol error: Handler returned error code!

###!!! [Parent][DispatchAsyncMessage] Error: PLayerTransaction::Msg_ReleaseLayer Processing error: message was deserialized, but the handler returned false (indicating failure)

IPDL protocol error: Handler returned error code!

###!!! [Parent][DispatchAsyncMessage] Error: PLayerTransaction::Msg_ReleaseLayer Processing error: message was deserialized, but the handler returned false (indicating failure)

IPDL protocol error: Handler returned error code!

###!!! [Parent][DispatchAsyncMessage] Error: PLayerTransaction::Msg_ReleaseLayer Processing error: message was deserialized, but the handler returned false (indicating failure)

IPDL protocol error: Handler returned error code!

###!!! [Parent][DispatchAsyncMessage] Error: PLayerTransaction::Msg_ReleaseLayer Processing error: message was deserialized, but the handler returned false (indicating failure)

IPDL protocol error: Handler returned error code!

###!!! [Parent][DispatchAsyncMessage] Error: PLayerTransaction::Msg_ReleaseLayer Processing error: message was deserialized, but the handler returned false (indicating failure)

IPDL protocol error: Handler returned error code!

###!!! [Parent][DispatchAsyncMessage] Error: PLayerTransaction::Msg_ReleaseLayer Processing error: message was deserialized, but the handler returned false (indicating failure)

IPDL protocol error: Handler returned error code!

###!!! [Parent][DispatchAsyncMessage] Error: PLayerTransaction::Msg_ReleaseLayer Processing error: message was deserialized, but the handler returned false (indicating failure)

IPDL protocol error: Handler returned error code!

###!!! [Parent][DispatchAsyncMessage] Error: PLayerTransaction::Msg_ReleaseLayer Processing error: message was deserialized, but the handler returned false (indicating failure)

IPDL protocol error: Handler returned error code!

###!!! [Parent][DispatchAsyncMessage] Error: PLayerTransaction::Msg_ReleaseLayer Processing error: message was deserialized, but the handler returned false (indicating failure)

1611718605132	Marionette	INFO	Stopped listening on port 52296

###!!! [Child][RunMessage] Error: Channel closing: too late to send/recv, messages will be lost

1611718660557	geckodriver	INFO	Listening on 127.0.0.1:52868
1611718663591	mozrunner::runner	INFO	Running command: "C:\\Program Files\\Mozilla Firefox\\firefox.exe" "--marionette" "-foreground" "-no-remote" "-profile" "C:\\Users\\cgrei\\AppData\\Local\\Temp\\rust_mozprofiledVdChH"
console.warn: SearchSettings: "get: No settings file exists, new profile?" (new Error("", "(unknown module)"))
1611718664896	Marionette	INFO	Listening on port 52877
1611718665146	Marionette	WARN	TLS certificate errors will be ignored for this session
Can't find symbol 'eglSwapBuffersWithDamageEXT'.
Can't find symbol 'eglSetDamageRegionKHR'.
IPDL protocol error: Handler returned error code!

###!!! [Parent][DispatchAsyncMessage] Error: PMessagePort::Msg_PostMessages Processing error: message was deserialized, but the handler returned false (indicating failure)

IPDL protocol error: Handler returned error code!

###!!! [Parent][DispatchAsyncMessage] Error: PMessagePort::Msg_PostMessages Processing error: message was deserialized, but the handler returned false (indicating failure)

IPDL protocol error: Handler returned error code!

###!!! [Parent][DispatchAsyncMessage] Error: PMessagePort::Msg_PostMessages Processing error: message was deserialized, but the handler returned false (indicating failure)

JavaScript error: https://cti.w55c.net/ct/cms-2.min.js, line 1: TypeError: s[i.parameter] is undefined
IPDL protocol error: Handler returned error code!

###!!! [Parent][DispatchAsyncMessage] Error: PMessagePort::Msg_PostMessages Processing error: message was deserialized, but the handler returned false (indicating failure)

IPDL protocol error: Handler returned error code!

###!!! [Parent][DispatchAsyncMessage] Error: PMessagePort::Msg_PostMessages Processing error: message was deserialized, but the handler returned false (indicating failure)

IPDL protocol error: Handler returned error code!

###!!! [Parent][DispatchAsyncMessage] Error: PMessagePort::Msg_PostMessages Processing error: message was deserialized, but the handler returned false (indicating failure)

IPDL protocol error: Handler returned error code!

###!!! [Parent][DispatchAsyncMessage] Error: PMessagePort::Msg_PostMessages Processing error: message was deserialized, but the handler returned false (indicating failure)

JavaScript error: https://ec-ns.sascdn.com/diff/rtb/handler/st.min.html?%7b%22bid%22%3a%22734755315151894415%22%2c%22adomain%22%3a%22nba.com%22%2c%22page%22%3a%221186625%22%2c%22format%22%3a%2276022%22%2c%22crid%22%3a%2274_6526007%22%2c%22dsp%22%3a%2231%22%2c%22buyer%22%3a%224237%22%2c%22cid%22%3a%221391175%22%2c%22adid%22%3a%2274_6526007%22%2c%22hash%22%3a%229206855494806425311%22%7d, line 1: SecurityError: The operation is insecure.
IPDL protocol error: Handler returned error code!

###!!! [Parent][DispatchAsyncMessage] Error: PMessagePort::Msg_PostMessages Processing error: message was deserialized, but the handler returned false (indicating failure)

IPDL protocol error: Handler returned error code!

###!!! [Parent][DispatchAsyncMessage] Error: PMessagePort::Msg_PostMessages Processing error: message was deserialized, but the handler returned false (indicating failure)

IPDL protocol error: Handler returned error code!

###!!! [Parent][DispatchAsyncMessage] Error: PMessagePort::Msg_PostMessages Processing error: message was deserialized, but the handler returned false (indicating failure)

JavaScript error: https://cti.w55c.net/ct/cms-2.min.js, line 1: TypeError: s[i.parameter] is undefined
IPDL protocol error: Handler returned error code!

###!!! [Parent][DispatchAsyncMessage] Error: PMessagePort::Msg_PostMessages Processing error: message was deserialized, but the handler returned false (indicating failure)

IPDL protocol error: Handler returned error code!

###!!! [Parent][DispatchAsyncMessage] Error: PMessagePort::Msg_PostMessages Processing error: message was deserialized, but the handler returned false (indicating failure)

IPDL protocol error: Handler returned error code!

###!!! [Parent][DispatchAsyncMessage] Error: PMessagePort::Msg_PostMessages Processing error: message was deserialized, but the handler returned false (indicating failure)

JavaScript error: https://cti.w55c.net/ct/cms-2.min.js, line 1: TypeError: s[i.parameter] is undefined
IPDL protocol error: Handler returned error code!

###!!! [Parent][DispatchAsyncMessage] Error: PMessagePort::Msg_PostMessages Processing error: message was deserialized, but the handler returned false (indicating failure)

1611734628935	Marionette	INFO	Stopped listening on port 52877

###!!! [Child][RunMessage] Error: Channel closing: too late to send/recv, messages will be lost

"--marionette" "-foreground" "-no-remote" "-profile" "C:\\Users\\cgrei\\AppData\\Local\\Temp\\rust_mozprofiledprjzD"
console.warn: SearchSettings: "get: No settings file exists, new profile?" (new Error("", "(unknown module)"))
1611729127745	Marionette	INFO	Listening on port 54875
1611729127802	Marionette	WARN	TLS certificate errors will be ignored for this session
1611729134033	Marionette	INFO	Stopped listening on port 54875
1611729140452	geckodriver	INFO	Listening on 127.0.0.1:54937
1611729143491	mozrunner::runner	INFO	Running command: "C:\\Program Files\\Mozilla Firefox\\firefox.exe" "--marionette" "-foreground" "-no-remote" "-profile" "C:\\Users\\cgrei\\AppData\\Local\\Temp\\rust_mozprofilekLWRAT"
console.warn: SearchSettings: "get: No settings file exists, new profile?" (new Error("", "(unknown module)"))
1611729145126	Marionette	INFO	Listening on port 54948
1611729145559	Marionette	WARN	TLS certificate errors will be ignored for this session
1611734628478	Marionette	INFO	Stopped listening on port 54948
1729165227	mozrunner::runner	INFO	Running command: "C:\\Program Files\\Mozilla Firefox\\firefox.exe" "--marionette" "-foreground" "-no-remote" "-profile" "C:\\Users\\cgrei\\AppData\\Local\\Temp\\rust_mozprofilehjSWO4"
console.warn: SearchSettings: "get: No settings file exists, new profile?" (new Error("", "(unknown module)"))
1611729166934	Marionette	INFO	Listening on port 55034
1611729167291	Marionette	WARN	TLS certificate errors will be ignored for this session
1611734628697	Marionette	INFO	Stopped listening on port 55034
1729187471	mozrunner::runner	INFO	Running command: "C:\\Program Files\\Mozilla Firefox\\firefox.exe" "--marionette" "-foreground" "-no-remote" "-profile" "C:\\Users\\cgrei\\AppData\\Local\\Temp\\rust_mozprofile8ZDKsQ"
console.warn: SearchSettings: "get: No settings file exists, new profile?" (new Error("", "(unknown module)"))
1611729188918	Marionette	INFO	Listening on port 55130
1611729189028	Marionette	WARN	TLS certificate errors will be ignored for this session
1611734628578	Marionette	INFO	Stopped listening on port 55130
1729208443	mozrunner::runner	INFO	Running command: "C:\\Program Files\\Mozilla Firefox\\firefox.exe" "--marionette" "-foreground" "-no-remote" "-profile" "C:\\Users\\cgrei\\AppData\\Local\\Temp\\rust_mozprofilemsUBHd"
console.warn: SearchSettings: "get: No settings file exists, new profile?" (new Error("", "(unknown module)"))
1611729210193	Marionette	INFO	Listening on port 55223
1611729210511	Marionette	WARN	TLS certificate errors will be ignored for this session
1611734628568	Marionette	INFO	Stopped listening on port 55223
1729248904	mozrunner::runner	INFO	Running command: "C:\\Program Files\\Mozilla Firefox\\firefox.exe" "--marionette" "-foreground" "-no-remote" "-profile" "C:\\Users\\cgrei\\AppData\\Local\\Temp\\rust_mozprofileJ46sww"
console.warn: SearchSettings: "get: No settings file exists, new profile?" (new Error("", "(unknown module)"))
1611729250639	Marionette	INFO	Listening on port 55334
1611729250976	Marionette	WARN	TLS certificate errors will be ignored for this session
1611734628569	Marionette	INFO	Stopped listening on port 55334
1729292493	mozrunner::runner	INFO	Running command: "C:\\Program Files\\Mozilla Firefox\\firefox.exe" "--marionette" "-foreground" "-no-remote" "-profile" "C:\\Users\\cgrei\\AppData\\Local\\Temp\\rust_mozprofileAORiDV"
console.warn: SearchSettings: "get: No settings file exists, new profile?" (new Error("", "(unknown module)"))
1611729294053	Marionette	INFO	Listening on port 55457
1611729294563	Marionette	WARN	TLS certificate errors will be ignored for this session
1611734628695	Marionette	INFO	Stopped listening on port 55457
1729362639	mozrunner::runner	INFO	Running command: "C:\\Program Files\\Mozilla Firefox\\firefox.exe" "--marionette" "-foreground" "-no-remote" "-profile" "C:\\Users\\cgrei\\AppData\\Local\\Temp\\rust_mozprofileDccGDT"
console.warn: SearchSettings: "get: No settings file exists, new profile?" (new Error("", "(unknown module)"))
1611729364292	Marionette	INFO	Listening on port 55618
1611729364707	Marionette	WARN	TLS certificate errors will be ignored for this session
1611734628687	Marionette	INFO	Stopped listening on port 55618
1729532072	mozrunner::runner	INFO	Running command: "C:\\Program Files\\Mozilla Firefox\\firefox.exe" "--marionette" "-foreground" "-no-remote" "-profile" "C:\\Users\\cgrei\\AppData\\Local\\Temp\\rust_mozprofile6ekYzx"
console.warn: SearchSettings: "get: No settings file exists, new profile?" (new Error("", "(unknown module)"))
1611729533688	Marionette	INFO	Listening on port 55896
1611729534139	Marionette	WARN	TLS certificate errors will be ignored for this session
1611734628695	Marionette	INFO	Stopped listening on port 55896
1729557353	mozrunner::runner	INFO	Running command: "C:\\Program Files\\Mozilla Firefox\\firefox.exe" "--marionette" "-foreground" "-no-remote" "-profile" "C:\\Users\\cgrei\\AppData\\Local\\Temp\\rust_mozprofileSxISNA"
console.warn: SearchSettings: "get: No settings file exists, new profile?" (new Error("", "(unknown module)"))
1611729558895	Marionette	INFO	Listening on port 55996
1611729559423	Marionette	WARN	TLS certificate errors will be ignored for this session
1611734628711	Marionette	INFO	Stopped listening on port 55996
1729574029	mozrunner::runner	INFO	Running command: "C:\\Program Files\\Mozilla Firefox\\firefox.exe" "--marionette" "-foreground" "-no-remote" "-profile" "C:\\Users\\cgrei\\AppData\\Local\\Temp\\rust_mozprofileFlw5LZ"
console.warn: SearchSettings: "get: No settings file exists, new profile?" (new Error("", "(unknown module)"))
1611729575765	Marionette	INFO	Listening on port 56084
1611729576098	Marionette	WARN	TLS certificate errors will be ignored for this session
console.warn: LoginRecipes: "getRecipes: falling back to a synchronous message for:" "https://www.google.com"
1611734628723	Marionette	INFO	Stopped listening on port 56084
1729836558	mozrunner::runner	INFO	Running command: "C:\\Program Files\\Mozilla Firefox\\firefox.exe" "--marionette" "-foreground" "-no-remote" "-profile" "C:\\Users\\cgrei\\AppData\\Local\\Temp\\rust_mozprofileVB6sKn"
console.warn: SearchSettings: "get: No settings file exists, new profile?" (new Error("", "(unknown module)"))
1611729838158	Marionette	INFO	Listening on port 56462
1611729838639	Marionette	WARN	TLS certificate errors will be ignored for this session
1611734628568	Marionette	INFO	Stopped listening on port 56462
1729945018	mozrunner::runner	INFO	Running command: "C:\\Program Files\\Mozilla Firefox\\firefox.exe" "--marionette" "-foreground" "-no-remote" "-profile" "C:\\Users\\cgrei\\AppData\\Local\\Temp\\rust_mozprofileFkDOor"
console.warn: SearchSettings: "get: No settings file exists, new profile?" (new Error("", "(unknown module)"))
1611729946753	Marionette	INFO	Listening on port 56687
1611729947082	Marionette	WARN	TLS certificate errors will be ignored for this session
console.warn: LoginRecipes: "getRecipes: falling back to a synchronous message for:" "https://www.google.com"
1611734628567	Marionette	INFO	Stopped listening on port 56687
1730019353	mozrunner::runner	INFO	Running command: "C:\\Program Files\\Mozilla Firefox\\firefox.exe" "--marionette" "-foreground" "-no-remote" "-profile" "C:\\Users\\cgrei\\AppData\\Local\\Temp\\rust_mozprofileETO7G9"
console.warn: SearchSettings: "get: No settings file exists, new profile?" (new Error("", "(unknown module)"))
1611730021049	Marionette	INFO	Listening on port 56870
1611730021419	Marionette	WARN	TLS certificate errors will be ignored for this session
1611734628503	Marionette	INFO	Stopped listening on port 56870
1730125817	mozrunner::runner	INFO	Running command: "C:\\Program Files\\Mozilla Firefox\\firefox.exe" "--marionette" "-foreground" "-no-remote" "-profile" "C:\\Users\\cgrei\\AppData\\Local\\Temp\\rust_mozprofilep1kGps"
console.warn: SearchSettings: "get: No settings file exists, new profile?" (new Error("", "(unknown module)"))
1611730127417	Marionette	INFO	Listening on port 57060
1611730127890	Marionette	WARN	TLS certificate errors will be ignored for this session
1611734625416	Marionette	INFO	Stopped listening on port 57060

###!!! [Child][RunMessage] Error: Channel closing: too late to send/recv, messages will be lost

"--marionette" "-foreground" "-no-remote" "-profile" "C:\\Users\\cgrei\\AppData\\Local\\Temp\\rust_mozprofile1EstAL"
console.warn: SearchSettings: "get: No settings file exists, new profile?" (new Error("", "(unknown module)"))
1611730211044	Marionette	INFO	Listening on port 57233
1611730211572	Marionette	WARN	TLS certificate errors will be ignored for this session
1611734624186	Marionette	INFO	Stopped listening on port 57233
1730251263	mozrunner::runner	INFO	Running command: "C:\\Program Files\\Mozilla Firefox\\firefox.exe" "--marionette" "-foreground" "-no-remote" "-profile" "C:\\Users\\cgrei\\AppData\\Local\\Temp\\rust_mozprofilejlua4h"
console.warn: SearchSettings: "get: No settings file exists, new profile?" (new Error("", "(unknown module)"))
1611730252968	Marionette	INFO	Listening on port 57350
1611730253334	Marionette	WARN	TLS certificate errors will be ignored for this session
1611734623215	Marionette	INFO	Stopped listening on port 57350
1730287255	mozrunner::runner	INFO	Running command: "C:\\Program Files\\Mozilla Firefox\\firefox.exe" "--marionette" "-foreground" "-no-remote" "-profile" "C:\\Users\\cgrei\\AppData\\Local\\Temp\\rust_mozprofilemDrY7l"
console.warn: SearchSettings: "get: No settings file exists, new profile?" (new Error("", "(unknown module)"))
1611730289043	Marionette	INFO	Listening on port 57474
1611730289319	Marionette	WARN	TLS certificate errors will be ignored for this session
IPDL protocol error: Handler returned error code!

###!!! [Parent][DispatchAsyncMessage] Error: PLayerTransaction::Msg_ReleaseLayer Processing error: message was deserialized, but the handler returned false (indicating failure)

IPDL protocol error: Handler returned error code!

###!!! [Parent][DispatchAsyncMessage] Error: PLayerTransaction::Msg_ReleaseLayer Processing error: message was deserialized, but the handler returned false (indicating failure)

IPDL protocol error: Handler returned error code!

###!!! [Parent][1611734628468	Marionette	INFO	Stopped listening on port 62214
r Processing error: message was deserialized, but the handler returned false (indicating failure)

IPDL protocol error: Handler returned error code!

###!!! [Parent][DispatchAsyncMessage] Error: PLayerTransaction::Msg_ReleaseLayer Processing error: message was deserialized, but the handler returned false (indicating failure)

IPDL protocol error: Handler returned error code!

###!!! [Parent][DispatchAsyncMessage] Error: PLayerTransaction::Msg_ReleaseLayer Processing error: message was deserialized, but the handler returned false (indicating failure)

IPDL protocol error: Handler returned error code!

###!!! [Parent][DispatchAsyncMessage] Error: PLayerTransaction::Msg_ReleaseLayer Processing error: message was deserialized, but the handler returned false (indicating failure)

IPDL protocol error: Handler returned error code!

###!!! [Parent][DispatchAsyncMessage] Error: PLayerTransaction::Msg_ReleaseLayer Processing error: message was deserialized, but the handler returned false (indicating failure)

IPDL protocol error: Handler returned1611734628477	Marionette	INFO	Stopped listening on port 62747
ayerTransaction::Msg_ReleaseLayer Processing error: message was deserialized, but the handler returned false (indicating failure)

IPDL protocol error: Handler returned error code!

###!!! [Parent][DispatchAsyncMessage] Error: PLayerTransaction::Msg_ReleaseLayer Processing error: message was deserialized, but the handler returned false (indicating failure)

IPDL protocol error: Handler returned error code!

###!!! [Parent][DispatchAsyncMessage] Error: PLayerTransaction::Msg_ReleaseLayer Processing error: message was deserialized, but the handler returned false (indicating failure)

IPDL protocol error: Handler returned error code!

###!!! [Parent][DispatchAsyncMessage] Error: PLayerTransaction::Msg_ReleaseLayer Processing error: message was deserialized, but the handler returned false (indicating failure)

IPDL protocol error: Handler returned error code!

###!!! [Parent][DispatchAsyncMessage] Error: PLayerTransaction::Msg_ReleaseLayer Processing error: message was deserialized, but the handler returned false (indicating failure)

IPDL protocol error: Handler returned error code!

###!!! [Parent][DispatchAsyncMessage] Error: PLayerTransaction::Msg_ReleaseLayer Processing error: message was deserialized, but the handler returned false (indicating failure)

IPDL protocol error: Handler returned error code!

###!!! [Parent][DispatchAsyncMessage] Error: PLayerTransaction::Msg_ReleaseLayer Processing error: message was deserialized, but the handler returned false (indicating failure)

IPDL protocol error: Handler returned error code!

###!!! [Parent][DispatchAsyncMessage] Error: PLayerTransaction::Msg_ReleaseLayer Processing error: message was deserialize1611734628488	Marionette	INFO	Stopped listening on port 63198
protocol error: Handler returned error code!

###!!! [Parent][DispatchAsyncMessage] Error: PLayerTransaction::Msg_ReleaseLayer Processing error: message was deserialized, but the handler returned false (indicating failure)

IPDL protocol error: Handler returned error code!

###!!! [Parent][DispatchAsyncMessage] Error: PLayerTransaction::Msg_ReleaseLayer Processing error: message was deserialized, but the handler returned false (indicating failure)

IPDL protocol error: Handler returned error code!

###!!! [Parent][DispatchAsyncMessage] Error: PLayerTransaction::Msg_ReleaseLayer Processing error: message was deserialized, but the handler returned false (indicating failure)

IPDL protocol error: Handler returned error code!

###!!! [Parent][DispatchAsyncMessage] Error: PLayerTransaction::Msg_ReleaseLayer Processing error: message was deserialized, but the handler returned false (indicating failure)

IPDL protocol error: Handler returned error code!

###!!! [Parent][DispatchAsy1611734628625	Marionette	INFO	Stopped listening on port 63450
g error: message was deserialized, but the handler returned false (indicating failure)

IPDL protocol error: Handler returned error code!

###!!! [Parent][DispatchAsyncMessage] Error: PLayerTransaction::Msg_ReleaseLayer Processing error: message was deserialized, but the handler returned false (indicating failure)

IPDL protocol error: Handler returned error code!

###!!! [Parent][DispatchAsyncMessage] Error: PLayerTransaction::Msg_ReleaseLayer Processing error: message was deserialized, but the handler returned false (indicating failure)

IPDL protocol error: Handler returned error code!

###!!! [Parent][DispatchAsyncMessage] Error: PLayerTransaction::Msg_ReleaseLayer Processing error: message was deserialized, but the handler returned false (indicating failure)

IPDL protocol error: Handler returned error code!

###!!! [Parent][DispatchAsyncMessage] Error: PLayerTransaction::Msg_ReleaseLayer Processing error: message was deserialized, but the handler returned false (indicating failure)

IPDL protocol error: Handler returned error code!

###!!! [Parent][DispatchAsyncMessage] Error: PLayerTransaction::Msg_ReleaseLayer Processing error: message was deserialized, but the handler returned false (indicating failure)

IPDL protocol error: Handler returned error code!

###!!! [Parent][DispatchAsyncMessage] Error: PLayerTransaction::Msg_ReleaseLayer Processing error: message was deserialized, but the handler returned false (indicating failure)

IPDL protocol error: Handler returned error code!

###!!! [Parent][DispatchAsyncMessage] Error: PLayerTransaction::Msg_ReleaseLayer Processing error: message was deserialized, but the handler returned false (indicating failure)

1611734622079	Marionette	INFO	Stopped listening on port 57474

###!!! [Child][RunMessage] Error: Channel closing: too late to send/recv, messages will be lost

1611734692547	geckodriver	INFO	Listening on 127.0.0.1:63612
1611734699662	geckodriver	INFO	Listening on 127.0.0.1:63622
1611734702696	mozrunner::runner	INFO	Running command: "C:\\Program Files\\Mozilla Firefox\\firefox.exe" "--marionette" "-foreground" "-no-remote" "-profile" "C:\\Users\\cgrei\\AppData\\Local\\Temp\\rust_mozprofile7Ry1T3"
console.warn: SearchSettings: "get: No settings file exists, new profile?" (new Error("", "(unknown module)"))
1611734703998	Marionette	INFO	Listening on port 63633
1611734704252	Marionette	WARN	TLS certificate errors will be ignored for this session
1611735025291	Marionette	INFO	Stopped listening on port 63633
1734796195	mozrunner::runner	INFO	Running command: "C:\\Program Files\\Mozilla Firefox\\firefox.exe" "--marionette" "-foreground" "-no-remote" "-profile" "C:\\Users\\cgrei\\AppData\\Local\\Temp\\rust_mozprofileSSXcYV"
console.warn: SearchSettings: "get: No settings file exists, new profile?" (new Error("", "(unknown module)"))
1611734797478	Marionette	INFO	Listening on port 63791
1611734797752	Marionette	WARN	TLS certificate errors will be ignored for this session
IPDL protocol error: Handler returned error code!

###!!! [Parent][DispatchAsyncMessage] Error: PLayerTransaction::Msg_ReleaseLayer Processing error: message was deserialized, but the handler returned false (indicating failure)

IPDL protocol error: Handler returned error code!

###!!! [Parent][DispatchAsyncMessage] Error: PLayerTransaction::Msg_ReleaseLayer Processing error: message was deserialized, but the handler returned false (indicating failure)

IPDL protocol error: Handler returned error code!

###!!! [Parent][DispatchAsyncMessage] Error: PLayerTransaction::Msg_ReleaseLayer Processing error: message was deserialized, but the handler returned false (indicating failure)

IPDL protocol error: Handler returned error code!

###!!! [Parent][DispatchAsyncMessage] Error: PLayerTransaction::Msg_ReleaseLayer Processing error: message was deserialized, but the handler returned false (indicating failure)

IPDL protocol error: Handler returned error code!

###!!! [Parent][DispatchAsyncMessage] Error: PLayerTransaction::Msg_ReleaseLayer Processing error: message was deserialized, but the handler returned false (indicating failure)

IPDL protocol error: Handler returned error code!

###!!! [Parent][DispatchAsyncMessage] Error: PLayerTransaction::Msg_ReleaseLayer Processing error: message was deserialized, but the handler returned false (indicating failure)

IPDL protocol error: Handler returned error code!

###!!! [Parent][DispatchAsyncMessage] Error: PLayerTransaction::Msg_ReleaseLayer Processing error: message was deserialized, but the handler returned false (indicating failure)

IPDL protocol error: Handler returned error code!

###!!! [Parent][DispatchAsyncMessage] Error: PLayerTransaction::Msg_ReleaseLayer Processing error: message was deserialized, but the handler returned false (indicating failure)

IPDL protocol error: Handler returned error code!

###!!! [Parent][DispatchAsyncMessage] Error: PLayerTransaction::Msg_ReleaseLayer Processing error: message was deserialized, but the handler returned false (indicating failure)

IPDL protocol error: Handler returned error code!

###!!! [Parent][DispatchAsyncMessage] Error: PLayerTransaction::Msg_ReleaseLayer Processing error: message was deserialized, but the handler returned false (indicating failure)

IPDL protocol error: Handler returned error code!

###!!! [Parent][DispatchAsyncMessage] Error: PLayerTransaction::Msg_ReleaseLayer Processing error: message was deserialized, but the handler returned false (indicating failure)

IPDL protocol error: Handler returned error code!

###!!! [Parent][DispatchAsyncMessage] Error: PLayerTransaction::Msg_ReleaseLayer Processing error: message was deserialized, but the handler returned false (indicating failure)

IPDL protocol error: Handler returned error code!

###!!! [Parent][DispatchAsyncMessage] Error: PLayerTransaction::Msg_ReleaseLayer Processing error: message was deserialized, but the handler returned false (indicating failure)

IPDL protocol error: Handler returned error code!

###!!! [Parent][DispatchAsyncMessage] Error: PLayerTransaction::Msg_ReleaseLayer Processing error: message was deserialized, but the handler returned false (indicating failure)

IPDL protocol error: Handler returned error code!

###!!! [Parent][DispatchAsyncMessage] Error: PLayerTransaction::Msg_ReleaseLayer Processing error: message was deserialized, but the handler returned false (indicating failure)

IPDL protocol error: Handler returned error code!

###!!! [Parent][DispatchAsyncMessage] Error: PLayerTransaction::Msg_ReleaseLayer Processing error: message was deserialized, but the handler returned false (indicating failure)

1611735024328	Marionette	INFO	Stopped listening on port 63791

###!!! [Child][RunMessage] Error: Channel closing: too late to send/recv, messages will be lost

: PLayerTransaction::Msg_ReleaseLayer Processing error: message was deserialized, but the handler returned false (indicating failure)

IPDL protocol error: Handler returned error code!

###!!! [Parent][DispatchAsyncMessage] Error: PLayerTransaction::Msg_ReleaseLayer Processing error: message was deserialized, but the handler returned false (indicating failure)

IPDL protocol error: Handler returned error code!

###!!! [Parent][DispatchAsyncMessage] Error: PLayerTransaction::Msg_ReleaseLayer Processing error: message was deserialized, but the handler returned false (indicating failure)

IPDL protocol error: Handler returned error code!

###!!! [Parent][DispatchAsyncMessage] Error: PLayerTransaction::Msg_ReleaseLayer Processing error: message was deserialized, but the handler returned false (indicating failure)

1611735021493	Marionette	INFO	Stopped listening on port 64725
1611735154697	geckodriver	INFO	Listening on 127.0.0.1:65312
1611735157730	mozrunner::runner	INFO	Running command: "C:\\Program Files\\Mozilla Firefox\\firefox.exe" "--marionette" "-foreground" "-no-remote" "-profile" "C:\\Users\\cgrei\\AppData\\Local\\Temp\\rust_mozprofile9g9kmV"
console.warn: SearchSettings: "get: No settings file exists, new profile?" (new Error("", "(unknown module)"))
1611735158894	Marionette	INFO	Listening on port 65322
1611735159297	Marionette	WARN	TLS certificate errors will be ignored for this session
1611735196668	Marionette	INFO	Stopped listening on port 65322

###!!! [Child][RunMessage] Error: Channel closing: too late to send/recv, messages will be lost

"--marionette" "-foreground" "-no-remote" "-profile" "C:\\Users\\cgrei\\AppData\\Local\\Temp\\rust_mozprofileseDdtD"
console.warn: SearchSettings: "get: No settings file exists, new profile?" (new Error("", "(unknown module)"))
1611735189172	Marionette	INFO	Listening on port 65424
1611735189428	Marionette	WARN	TLS certificate errors will be ignored for this session
1611735633837	Marionette	INFO	Stopped listening on port 65424
1735258580	mozrunner::runner	INFO	Running command: "C:\\Program Files\\Mozilla Firefox\\firefox.exe" "--marionette" "-foreground" "-no-remote" "-profile" "C:\\Users\\cgrei\\AppData\\Local\\Temp\\rust_mozprofile4hXxqm"
console.warn: SearchSettings: "get: No settings file exists, new profile?" (new Error("", "(unknown module)"))
1611735259883	Marionette	INFO	Listening on port 49189
1611735260134	Marionette	WARN	TLS certificate errors will be ignored for this session
1611735633836	Marionette	INFO	Stopped listening on port 49189
1735275026	mozrunner::runner	INFO	Running command: "C:\\Program Files\\Mozilla Firefox\\firefox.exe" "--marionette" "-foreground" "-no-remote" "-profile" "C:\\Users\\cgrei\\AppData\\Local\\Temp\\rust_mozprofileVxZBEF"
console.warn: SearchSettings: "get: No settings file exists, new profile?" (new Error("", "(unknown module)"))
1611735276237	Marionette	INFO	Listening on port 49280
1611735276579	Marionette	WARN	TLS certificate errors will be ignored for this session
JavaScript error: resource://gre/actors/PictureInPictureChild.jsm, line 568: TypeError: this.contentWindow is null
JavaScript error: resource://gre/actors/PictureInPictureChild.jsm, line 225: InvalidStateError: An attempt was made to use an object that is not, or is no longer, usable
1611735287684	Marionette	INFO	Stopped listening on port 49280

###!!! [Child][RunMessage] Error: Channel closing: too late to send/recv, messages will be lost

1611735407416	geckodriver	INFO	Listening on 127.0.0.1:49727
1611735410456	mozrunner::runner	INFO	Running command: "C:\\Program Files\\Mozilla Firefox\\firefox.exe" "--marionette" "-foreground" "-no-remote" "-profile" "C:\\Users\\cgrei\\AppData\\Local\\Temp\\rust_mozprofileusI5MC"
console.warn: SearchSettings: "get: No settings file exists, new profile?" (new Error("", "(unknown module)"))
1611735411816	Marionette	INFO	Listening on port 49741
1611735412015	Marionette	WARN	TLS certificate errors will be ignored for this session
Can't find symbol 'eglSwapBuffersWithDamageEXT'.
Can't find symbol 'eglSetDamageRegionKHR'.
IPDL protocol error: Handler returned error code!

###!!! [Parent][DispatchAsyncMessage] Error: PLayerTransaction::Msg_ReleaseLayer Processing error: message was deserialized, but the handler returned false (indicating failure)

IPDL protocol error: Handler returned error code!

###!!! [Parent][DispatchAsyncMessage] Error: PLayerTransaction::Msg_ReleaseLayer Processing error: message was deserialized, but the handler returned false (indicating failure)

IPDL protocol error: Handler returned error code!

###!!! [Parent][DispatchAsyncMessage] Error: PLayerTransaction::Msg_ReleaseLayer Processing error: message was1611735634107	Marionette	INFO	Stopped listening on port 50247

###!!! [Child][RunMessage] Error: Channel closing: too late to send/recv, messages will be lost

or: PLayerTransaction::Msg_ReleaseLayer Processing error: message was deserialized, but the handler returned false (indicating failure)

1611735634137	Marionette	INFO	Stopped listening on port 49741
("", "(unknown module)"))
1611735479164	Marionette	INFO	Listening on port 50795
1611735479402	Marionette	WARN	TLS certificate errors will be ignored for this session
1611735633821	Marionette	INFO	Stopped listening on port 50795
1735497299	mozrunner::runner	INFO	Running command: "C:\\Program Files\\Mozilla Firefox\\firefox.exe" "--marionette" "-foreground" "-no-remote" "-profile" "C:\\Users\\cgrei\\AppData\\Local\\Temp\\rust_mozprofileyBlmie"
console.warn: SearchSettings: "get: No settings file exists, new profile?" (new Error("", "(unknown module)"))
1611735498768	Marionette	INFO	Listening on port 50960
1611735498856	Marionette	WARN	TLS certificate errors will be ignored for this session
Can't find symbol 'eglSwapBuffersWithDamageEXT'.
Can't find symbol 'eglSetDamageRegionKHR'.
IPDL protocol error: Handler returned error code!

###!!! [Parent][DispatchAsyncMessage] Error: PLayerTransaction::Msg_ReleaseLayer Processing error: message was deserialized, but the handler returned false (indicating failure)

IPDL protocol error: Handler returned error code!

###!!! [Parent][DispatchAsyncMessage] Error: PLayerTransaction::Msg_ReleaseLayer Processing error: message was deserialized, but the handler returned false (indicating failure)

IPDL protocol error: Handler returned error code!

###!!! [Parent][DispatchAsyncMessage] Error: PLayerTransaction::Msg_ReleaseLayer Processing error: message was deserialized, but the handler returned false (indicating failure)

IPDL protocol error: Handler returned error code!

###!!! [Parent][DispatchAsyncMessage] Error: PLayerTransaction::Msg_ReleaseLayer Processing error: message was deserialized, but the handler returned false (indicating failure)

IPDL protocol error: Handler returned error code!

###!!! [Parent][DispatchAsyncMessage] Error: PLayerTransaction::Msg_ReleaseLayer Processing error: message was deserialized, but the handler returned false (indicating failure)

IPDL protocol error: Handler returned error code!

###!!! [Parent][DispatchAsyncMessage] Error: PLayerTransaction::Msg_ReleaseLayer Processing error: message was deserialized, but the handler returned false (indicating failure)

IPDL protocol error: Handler returned error code!

###!!! [Parent][DispatchAsyncMessage] Error: PLayerTransaction::Msg_ReleaseLayer Processing error: message was deserialized, but the handler returned false (indicating failure)

IPDL protocol error: Handler returned error code!

###!!! [Parent][DispatchAsyncMessage] Error: PLayerTransaction::Msg_ReleaseLayer Processing error: message was deserialized, but the handler returned false (indicating failure)

IPDL protocol error: Handler returned error code!

###!!! [Parent][DispatchAsyncMessage] Error: PLayerTransaction::Msg_ReleaseLayer Processing error: message was deserialized, but the handler returned false (indicating failure)

IPDL protocol error: Handler returned error code!

###!!! [Parent][DispatchAsyncMessage] Error: PLayerTransaction::Msg_ReleaseLayer Processing error: message was deserialized, but the handler returned false (indicating failure)

IPDL protocol error: Handler returned error code!

###!!! [Parent][DispatchAsyncMessage] Error: PLayerTransaction::Msg_ReleaseLayer Processing error: message was deserialized, but the handler returned false (indicating failure)

IPDL protocol error: Handler returned error code!

###!!! [Parent][DispatchAsyncMessage] Error: PImageBridge::Msg_Update Processing error: message was deserialized, but the handler returned false (indicating failure)

IPDL protocol error: Handler returned error code!

###!!! [Parent][DispatchAsyncMessage] Error: PImageBridge::Msg_Update Processing error: message was deserialized, but the handler returned false (indicating failure)

IPDL protocol error: Handler returned error code!

###!!! [Parent][DispatchAsyncMessage] Error: PImageBridge::Msg_Update Processing error: message was deserialized, but the handler returned false (indicating failure)

IPDL protocol error: Handler returned error code!

###!!! [Parent][DispatchAsyncMessage] Error: PLayerTransaction::Msg_ReleaseLayer Processing error: message was deserialized, but the handler returned false (indicating failure)

IPDL protocol error: Handler returned error code!

###!!! [Parent][DispatchAsyncMessage] Error: PLayerTransaction::Msg_ReleaseLayer Processing error: message was deserialized, but the handler returned false (indicating failure)

IPDL protocol error: Handler returned error code!

###!!! [Parent][DispatchAsyncMessage] Error: PLayerTransaction::Msg_ReleaseLayer Processing error: message was deserialized, but the handler returned false (indicating failure)

IPDL protocol error: Handler returned error code!

###!!! [Parent][DispatchAsyncMessage] Error: PLayerTransaction::Msg_ReleaseLayer Processing error: message was deserialized, but the handler returned false (indicating failure)

IPDL protocol error: Handler returned error code!

###!!! [Parent][DispatchAsyncMessage] Error: PLayerTransaction::Msg_ReleaseLayer Processing error: message was deserialized, but the handler returned false (indicating failure)

IPDL protocol error: Handler returned error code!

###!!! [Parent][DispatchAsyncMessage] Error: PLayerTransaction::Msg_ReleaseLayer Processing error: message was deserialized, but the handler returned false (indicating failure)

IPDL protocol error: Handler returned error code!

###!!! [Parent][DispatchAsyncMessage] Error: PLayerTransaction::Msg_ReleaseLayer Processing error: message was deserialized, but the handler returned false (indicating failure)

IPDL protocol error: Handler returned error code!

###!!! [Parent][DispatchAsyncMessage] Error: PLayerTransaction::Msg_ReleaseLayer Processing error: message was deserialized, but the handler returned false (indicating failure)

IPDL protocol error: Handler returned error code!

###!!! [Parent][DispatchAsyncMessage] Error: PLayerTransaction::Msg_ReleaseLayer Processing error: message was deserialized, but the handler returned false (indicating failure)

IPDL protocol error: Handler returned error code!

###!!! [Parent][DispatchAsyncMessage] Error: PLayerTransaction::Msg_ReleaseLayer Processing error: message was deserialized, but the handler returned false (indicating failure)

IPDL protocol error: Handler returned error code!

###!!! [Parent][DispatchAsyncMessage] Error: PLayerTransaction::Msg_ReleaseLayer Processing error: message was deserialized, but the handler returned false (indicating failure)

1611735518128	Marionette	INFO	Stopped listening on port 50960

###!!! [Child][RunMessage] Error: Channel closing: too late to send/recv, messages will be lost

1611735581143	geckodriver	INFO	Listening on 127.0.0.1:51703
1611735584172	mozrunner::runner	INFO	Running command: "C:\\Program Files\\Mozilla Firefox\\firefox.exe" "--marionette" "-foreground" "-no-remote" "-profile" "C:\\Users\\cgrei\\AppData\\Local\\Temp\\rust_mozprofileg515RM"
console.warn: SearchSettings: "get: No settings file exists, new profile?" (new Error("", "(unknown module)"))
1611735585552	Marionette	INFO	Listening on port 51713
1611735585732	Marionette	WARN	TLS certificate errors will be ignored for this session
1611735598832	Marionette	WARN	Ignoring event 'DOMContentLoaded' because document has an invalid readyState of 'complete'.
JavaScript error: https://www.chegg.com/flashcards/_next/static/chunks/pages/_app-701cbbe608fcda327ebb.js, line 1: TypeError: c.initialProps.pageProps.currentDeck is undefined
JavaScript error: https://cdn.cookielaw.org/scripttemplates/6.10.0/otBannerSdk.js, line 7: TypeError: s is undefined
JavaScript error: , line 0: TypeError: NetworkError when attempting to fetch resource.
1611735633927	Marionette	INFO	Stopped listening on port 51713

###!!! [Child][RunMessage] Error: Channel closing: too late to send/recv, messages will be lost

1611735661516	geckodriver	INFO	Listening on 127.0.0.1:52164
1611735664544	mozrunner::runner	INFO	Running command: "C:\\Program Files\\Mozilla Firefox\\firefox.exe" "--marionette" "-foreground" "-no-remote" "-profile" "C:\\Users\\cgrei\\AppData\\Local\\Temp\\rust_mozprofilenz57Wx"
console.warn: SearchSettings: "get: No settings file exists, new profile?" (new Error("", "(unknown module)"))
1611735665984	Marionette	INFO	Listening on port 52178
1611735666100	Marionette	WARN	TLS certificate errors will be ignored for this session
JavaScript error: resource:///actors/ContentMetaChild.jsm, line 179: InvalidStateError: JSWindowActorChild.sendAsyncMessage: JSWindowActorChild cannot send at the moment
Can't find symbol 'eglSwapBuffersWithDamageEXT'.
Can't find symbol 'eglSetDamageRegionKHR'.
JavaScript error: https://secure-ds.serving-sys.com/resources//PROD/html5/1073744568/20210120/1075680735/59759789525175222/index.html?v=_2_121_1_0&n=1&isPreview=false, line 168: TypeError: this.a is undefined
JavaScript error: javascript: (function(){document.open();document.domain="cdn.w55c.net";document.write('%3Chtml%3E%3Chead%3E%3Cscript%20type%3D%22text%2Fjavascript%22%3E(function()%7Btry%7Bwindow.%24dv%3Dwindow.%24dvbs%7C%7Cparent.%24dvbs%2Cwindow.%24dv.dvObjType%3D%22dvbs%22%7Dcatch(f)%7B%7D%7D)()%3B%3C%2Fscript%3E%3C%2Fhead%3E%3Cbody%3E%3Cscript%20type%3D%22text%2Fjavascript%22%3E(function(a)%7Bwindow.%24frmId%3DMath.random().toString(36)%2BMath.random().toString(36)%3Bfor(var%20b%3D%5B%7Bsrc%3A%22dv-match%22%2Cmain%3A6%7D%5D%2Cd%3D0%3Bd%3Cb.length%3Bd%2B%2B)%7Bvar%20f%3Db%5Bd%5D%2Ce%3Df.eval%26%26f.rate%26%26100*Math.random()%3Cf.rate%3Ff.eval%3Af.main%2Cg%3Ddocument.createElement(%22script%22)%3Bg.src%3D%22%2F%2F%22%2Ba%2B%22%2F%22%2Bf.src%2Be%2B%22.js%22%3Bg.async%3D!0%3Bdocument.body.appendChild(g)%7D%7D)(%22cdn.doubleverify.com%22)%3B%3C%2Fscript%3E%3Cscript%20type%3D%22text%2Fjavascript%22%3EsetTimeout(function()%20%7Bdocument.close()%3B%7D%2C%200)%3B%3C%2Fscript%3E%3C%2Fbody%3E%3C%2Fhtml%3E');})(), line 1: SecurityError: The operation is insecure.
IPDL protocol error: Handler returned error code!

###!!! [Parent][DispatchAsyncMessage] Error: PLayerTransaction::Msg_ReleaseLayer Processing error: message was deserialized, but the handler returned false (indicating failure)

IPDL protocol error: Handler returned error code!

###!!! [Parent][DispatchAsyncMessage] Error: PLayerTransaction::Msg_ReleaseLayer Processing error: message was deserialized, but the handler returned false (indicating failure)

IPDL protocol error: Handler returned error code!

###!!! [Parent][DispatchAsyncMessage] Error: PLayerTransaction::Msg_ReleaseLayer Processing error: message was deserialized, but the handler returned false (indicating failure)

1611735730014	Marionette	INFO	Stopped listening on port 52178

###!!! [Child][RunMessage] Error: Channel closing: too late to send/recv, messages will be lost

1611735731492	geckodriver	INFO	Listening on 127.0.0.1:53094
1611735734523	mozrunner::runner	INFO	Running command: "C:\\Program Files\\Mozilla Firefox\\firefox.exe" "--marionette" "-foreground" "-no-remote" "-profile" "C:\\Users\\cgrei\\AppData\\Local\\Temp\\rust_mozprofileXdmKTS"
console.warn: SearchSettings: "get: No settings file exists, new profile?" (new Error("", "(unknown module)"))
1611735735736	Marionette	INFO	Listening on port 53107
1611735736079	Marionette	WARN	TLS certificate errors will be ignored for this session
JavaScript error: https://www.chegg.com/flashcards/_next/static/chunks/pages/_app-701cbbe608fcda327ebb.js, line 1: TypeError: c.initialProps.pageProps.currentDeck is undefined
JavaScript error: , line 0: TypeError: NetworkError when attempting to fetch resource.
JavaScript error: resource://gre/actors/PictureInPictureChild.jsm, line 568: TypeError: this.contentWindow is null
JavaScript error: resource://gre/actors/PictureInPictureChild.jsm, line 225: InvalidStateError: An attempt was made to use an object that is not, or is no longer, usable
[Child 146112, MediaDecoderStateMachine #1] WARNING: Decoder=12fdde7d400 Decode error: NS_ERROR_DOM_MEDIA_DEMUXER_ERR (0x806e000c): file /builds/worker/checkouts/gecko/dom/media/MediaDecoderStateMachine.cpp:3471
JavaScript error: resource://pdf.js/PdfStreamConverter.jsm, line 780: TypeError: this.dataListener is null
1611735832458	Marionette	INFO	Stopped listening on port 53107

###!!! [Child][RunMessage] Error: Channel closing: too late to send/recv, messages will be lost

1611735895953	geckodriver	INFO	Listening on 127.0.0.1:53537
1611735898993	mozrunner::runner	INFO	Running command: "C:\\Program Files\\Mozilla Firefox\\firefox.exe" "--marionette" "-foreground" "-no-remote" "-profile" "C:\\Users\\cgrei\\AppData\\Local\\Temp\\rust_mozprofileggul7R"
console.warn: SearchSettings: "get: No settings file exists, new profile?" (new Error("", "(unknown module)"))
1611735900182	Marionette	INFO	Listening on port 53547
1611735900548	Marionette	WARN	TLS certificate errors will be ignored for this session
1611762323221	Marionette	INFO	Stopped listening on port 53547

###!!! [Child][RunMessage] Error: Channel closing: too late to send/recv, messages will be lost

"--marionette" "-foreground" "-no-remote" "-profile" "C:\\Users\\cgrei\\AppData\\Local\\Temp\\rust_mozprofileyKb78K"
console.warn: SearchSettings: "get: No settings file exists, new profile?" (new Error("", "(unknown module)"))
1611736201061	Marionette	INFO	Listening on port 54132
1611736201375	Marionette	WARN	TLS certificate errors will be ignored for this session
JavaScript error: https://www.chegg.com/flashcards/_next/static/chunks/pages/_app-701cbbe608fcda327ebb.js, line 1: TypeError: c.initialProps.pageProps.currentDeck is undefined
JavaScript error: , line 0: TypeError: NetworkError when attempting to fetch resource.
IPDL protocol error: Handler returned error code!

###!!! [Parent][DispatchAsyncMessage] Error: PLayerTransaction::Msg_ReleaseLayer Processing error: message was deserialized, but the handler returned false (indicating failure)

IPDL protocol error: Handler returned error code!

###!!! [Parent][DispatchAsyncMessage] Error: PLayerTransaction::Msg_ReleaseLayer Processing error: message was deserialized, but the handler returned false (indicating failure)

IPDL protocol error: Handler returned error code!

###!!! [Parent][DispatchAsyncMessage] Error: PLayerTransaction::Msg_ReleaseLayer Processing error: message was deserialized, but the handler returned false (indicating failure)

IPDL protocol error: Handler returned error code!

###!!! [Parent][DispatchAsyncMessage] Error: PLayerTransaction::Msg_ReleaseLayer Processing error: message was deserialized, but the handler returned false (indicating failure)

IPDL protocol error: Handler returned error code!

###!!! [Parent][DispatchAsyncMessage] Error: PLayerTransaction::Msg_ReleaseLayer Processing error: message was deserialized, but the handler returned false (indicating failure)

IPDL protocol error: Handler returned error code!

###!!! [Parent][DispatchAsyncMessage] Error: PLayerTransaction::Msg_ReleaseLayer Processing error: message was deserialized, but the handler returned false (indicating failure)

IPDL protocol error: Handler returned error code!

###!!! [Parent][DispatchAsyncMessage] Error: PLayerTransaction::Msg_ReleaseLayer Processing error: message was deserialized, but the handler returned false (indicating failure)

IPDL protocol error: Handler returned error code!

###!!! [Parent][DispatchAsyncMessage] Error: PLayerTransaction::Msg_ReleaseLayer Processing error: message was deserialized, but the handler returned false (indicating failure)

IPDL protocol error: Handler returned error code!

###!!! [Parent][DispatchAsyncMessage] Error: PLayerTransaction::Msg_ReleaseLayer Processing error: message was deserialized, but the handler returned false (indicating failure)

1611736318696	Marionette	INFO	Stopped listening on port 54132

###!!! [Child][RunMessage] Error: Channel closing: too late to send/recv, messages will be lost

1611768120885	geckodriver	INFO	Listening on 127.0.0.1:49499
1611768123919	mozrunner::runner	INFO	Running command: "C:\\Program Files\\Mozilla Firefox\\firefox.exe" "--marionette" "-foreground" "-no-remote" "-profile" "C:\\Users\\cgrei\\AppData\\Local\\Temp\\rust_mozprofilejac96u"
console.warn: SearchSettings: "get: No settings file exists, new profile?" (new Error("", "(unknown module)"))
1611768125170	Marionette	INFO	Listening on port 49509
1611768125480	Marionette	WARN	TLS certificate errors will be ignored for this session
1611768138184	Marionette	INFO	Stopped listening on port 49509

###!!! [Child][RunMessage] Error: Channel closing: too late to send/recv, messages will be lost

1611768193671	geckodriver	INFO	Listening on 127.0.0.1:49647
1611768196702	mozrunner::runner	INFO	Running command: "C:\\Program Files\\Mozilla Firefox\\firefox.exe" "--marionette" "-foreground" "-no-remote" "-profile" "C:\\Users\\cgrei\\AppData\\Local\\Temp\\rust_mozprofileNv0iW4"
console.warn: SearchSettings: "get: No settings file exists, new profile?" (new Error("", "(unknown module)"))
1611768197961	Marionette	INFO	Listening on port 49656
1611768198268	Marionette	WARN	TLS certificate errors will be ignored for this session
1611768203896	Marionette	INFO	Stopped listening on port 49656

###!!! [Child][RunMessage] Error: Channel closing: too late to send/recv, messages will be lost

